<?xml version="1.0" encoding="UTF-8"?>
<!-- Generated by org.testng.reporters.JUnitReportReporter -->
<testsuite hostname="LAPTOP-F9SA4CRT" name="tests.demo" tests="1" failures="0" timestamp="12 Feb 2018 16:39:48 GMT" time="0.078" errors="0">
  <testcase name="sample" time="0.078" classname="tests.demo"/>
</testsuite> <!-- tests.demo -->
