<?xml version="1.0" encoding="UTF-8"?>
<!-- Generated by org.testng.reporters.JUnitReportReporter -->
<testsuite skipped="0" hostname="LAPTOP-F9SA4CRT" name="com.actitime.tests.VerifyVersionTest" tests="2" failures="0" timestamp="12 Feb 2018 14:05:04 GMT" time="33.159" errors="0">
  <testcase name="testVerifyVersion" time="17.727" classname="com.actitime.tests.VerifyVersionTest"/>
  <testcase name="testVerifyVersion" time="15.432" classname="com.actitime.tests.VerifyVersionTest"/>
</testsuite> <!-- com.actitime.tests.VerifyVersionTest -->
