<?xml version="1.0" encoding="UTF-8"?>
<!-- Generated by org.testng.reporters.JUnitReportReporter -->
<testsuite skipped="0" hostname="LAPTOP-F9SA4CRT" name="com.actitime.tests.ValidLoginLogoutTest" tests="2" failures="0" timestamp="12 Feb 2018 14:05:04 GMT" time="63.906" errors="0">
  <testcase name="testValidLoginLogout" time="22.734" classname="com.actitime.tests.ValidLoginLogoutTest"/>
  <testcase name="testValidLoginLogout" time="41.172" classname="com.actitime.tests.ValidLoginLogoutTest"/>
</testsuite> <!-- com.actitime.tests.ValidLoginLogoutTest -->
