<?xml version="1.0" encoding="UTF-8"?>
<!-- Generated by org.testng.reporters.JUnitReportReporter -->
<testsuite skipped="0" hostname="LAPTOP-F9SA4CRT" name="com.actitime.tests.VerifyBuildTest" tests="2" failures="0" timestamp="12 Feb 2018 14:05:04 GMT" time="46.666" errors="0">
  <testcase name="testVerifyBuild" time="22.929" classname="com.actitime.tests.VerifyBuildTest"/>
  <testcase name="testVerifyBuild" time="23.737" classname="com.actitime.tests.VerifyBuildTest"/>
</testsuite> <!-- com.actitime.tests.VerifyBuildTest -->
